<?xml version="1.0" encoding="UTF-8"?>
<!-- Generated by org.testng.reporters.JUnitReportReporter -->
<testsuite hostname="W8LQWJM2" failures="0" tests="1" name="come.TestProject.TestScipts.TestCaseOne" time="29.358" errors="0" timestamp="2024-07-01T04:41:46 IST" skipped="0">
  <testcase classname="come.TestProject.TestScipts.TestCaseOne" name="testCompleteFlow" time="29.358"/>
  <system-out/>
</testsuite> <!-- come.TestProject.TestScipts.TestCaseOne -->
