<?xml version="1.0" encoding="UTF-8"?>
<!-- Generated by org.testng.reporters.JUnitReportReporter -->
<testsuite hostname="W8LQWJM2" failures="0" tests="1" name="com.TestProject.TestScipts.TestCaseOne" time="27.646" errors="0" timestamp="2024-07-01T04:43:52 IST" skipped="0">
  <testcase classname="com.TestProject.TestScipts.TestCaseOne" name="testCompleteFlow" time="27.646"/>
  <system-out/>
</testsuite> <!-- com.TestProject.TestScipts.TestCaseOne -->
